(0000) 3000  0011000000000000 (   5)                 .ORIG x3000
(3000) 5020  0101000000100000 (  10) START           AND   R0 R0 #0
(3001) 5220  0101001000100000 (  11)                 AND   R1 R0 #0
(3002) 5420  0101010000100000 (  12)                 AND   R2 R0 #0
(3003) 5620  0101011000100000 (  13)                 AND   R3 R0 #0
(3004) 5820  0101100000100000 (  14)                 AND   R4 R0 #0
(3005) 5A20  0101101000100000 (  15)                 AND   R5 R0 #0
(3006) 5C20  0101110000100000 (  16)                 AND   R6 R0 #0
(3007) 5E20  0101111000100000 (  17)                 AND   R7 R0 #0
(3008) E01B  1110000000011011 (  20)                 LEA   R0 GREETING
(3009) F022  1111000000100010 (  21)                 TRAP  x22
(300A) F020  1111000000100000 (  25)                 TRAP  x20
(300B) F021  1111000000100001 (  26)                 TRAP  x21
(300C) 1034  0001000000110100 (  30)                 ADD   R0 R0 #-12
(300D) 1034  0001000000110100 (  31)                 ADD   R0 R0 #-12
(300E) 1034  0001000000110100 (  32)                 ADD   R0 R0 #-12
(300F) 1034  0001000000110100 (  33)                 ADD   R0 R0 #-12
(3010) 3051  0011000001010001 (  34)                 ST    R0 USERINPUT1
(3011) 3250  0011001001010000 (  35)                 ST    R1 USERINPUT1
(3012) E049  1110000001001001 (  38)                 LEA   R0 NEWLINE
(3013) F022  1111000000100010 (  39)                 TRAP  x22
(3014) 204D  0010000001001101 (  42)                 LD    R0 USERINPUT1
(3015) F021  1111000000100001 (  43)                 TRAP  x21
(3016) E00D  1110000000001101 (  46)                 LEA   R0 GREETING
(3017) F022  1111000000100010 (  47)                 TRAP  x22
(3018) F020  1111000000100000 (  51)                 TRAP  x20
(3019) F021  1111000000100001 (  52)                 TRAP  x21
(301A) 1034  0001000000110100 (  55)                 ADD   R0 R0 #-12
(301B) 1034  0001000000110100 (  56)                 ADD   R0 R0 #-12
(301C) 1034  0001000000110100 (  57)                 ADD   R0 R0 #-12
(301D) 1034  0001000000110100 (  58)                 ADD   R0 R0 #-12
(301E) 3043  0011000001000011 (  59)                 ST    R0 USERINPUT1
(301F) E03C  1110000000111100 (  62)                 LEA   R0 NEWLINE
(3020) F022  1111000000100010 (  63)                 TRAP  x22
(3021) 2040  0010000001000000 (  66)                 LD    R0 USERINPUT1
(3022) F021  1111000000100001 (  67)                 TRAP  x21
(3023) F025  1111000000100101 (  71)                 TRAP  x25
(3024) 0057  0000000001010111 (  80) GREETING        .FILL x0057
(3025) 0045  0000000001000101 (  80)                 .FILL x0045
(3026) 004C  0000000001001100 (  80)                 .FILL x004C
(3027) 0043  0000000001000011 (  80)                 .FILL x0043
(3028) 004F  0000000001001111 (  80)                 .FILL x004F
(3029) 004D  0000000001001101 (  80)                 .FILL x004D
(302A) 0045  0000000001000101 (  80)                 .FILL x0045
(302B) 0021  0000000000100001 (  80)                 .FILL x0021
(302C) 0020  0000000000100000 (  80)                 .FILL x0020
(302D) 000A  0000000000001010 (  80)                 .FILL x000A
(302E) 0050  0000000001010000 (  80)                 .FILL x0050
(302F) 006C  0000000001101100 (  80)                 .FILL x006C
(3030) 0065  0000000001100101 (  80)                 .FILL x0065
(3031) 0061  0000000001100001 (  80)                 .FILL x0061
(3032) 0073  0000000001110011 (  80)                 .FILL x0073
(3033) 0065  0000000001100101 (  80)                 .FILL x0065
(3034) 0020  0000000000100000 (  80)                 .FILL x0020
(3035) 0065  0000000001100101 (  80)                 .FILL x0065
(3036) 006E  0000000001101110 (  80)                 .FILL x006E
(3037) 0074  0000000001110100 (  80)                 .FILL x0074
(3038) 0065  0000000001100101 (  80)                 .FILL x0065
(3039) 0072  0000000001110010 (  80)                 .FILL x0072
(303A) 0020  0000000000100000 (  80)                 .FILL x0020
(303B) 0061  0000000001100001 (  80)                 .FILL x0061
(303C) 0020  0000000000100000 (  80)                 .FILL x0020
(303D) 006E  0000000001101110 (  80)                 .FILL x006E
(303E) 0075  0000000001110101 (  80)                 .FILL x0075
(303F) 006D  0000000001101101 (  80)                 .FILL x006D
(3040) 0062  0000000001100010 (  80)                 .FILL x0062
(3041) 0065  0000000001100101 (  80)                 .FILL x0065
(3042) 0072  0000000001110010 (  80)                 .FILL x0072
(3043) 003A  0000000000111010 (  80)                 .FILL x003A
(3044) 0020  0000000000100000 (  80)                 .FILL x0020
(3045) 0000  0000000000000000 (  80)                 .FILL x0000
(3046) 0045  0000000001000101 (  81) GREETING2       .FILL x0045
(3047) 004E  0000000001001110 (  81)                 .FILL x004E
(3048) 0054  0000000001010100 (  81)                 .FILL x0054
(3049) 0045  0000000001000101 (  81)                 .FILL x0045
(304A) 0052  0000000001010010 (  81)                 .FILL x0052
(304B) 0020  0000000000100000 (  81)                 .FILL x0020
(304C) 0041  0000000001000001 (  81)                 .FILL x0041
(304D) 004E  0000000001001110 (  81)                 .FILL x004E
(304E) 004F  0000000001001111 (  81)                 .FILL x004F
(304F) 0054  0000000001010100 (  81)                 .FILL x0054
(3050) 0048  0000000001001000 (  81)                 .FILL x0048
(3051) 0045  0000000001000101 (  81)                 .FILL x0045
(3052) 0052  0000000001010010 (  81)                 .FILL x0052
(3053) 0020  0000000000100000 (  81)                 .FILL x0020
(3054) 004E  0000000001001110 (  81)                 .FILL x004E
(3055) 0055  0000000001010101 (  81)                 .FILL x0055
(3056) 004D  0000000001001101 (  81)                 .FILL x004D
(3057) 0042  0000000001000010 (  81)                 .FILL x0042
(3058) 0045  0000000001000101 (  81)                 .FILL x0045
(3059) 0052  0000000001010010 (  81)                 .FILL x0052
(305A) 003A  0000000000111010 (  81)                 .FILL x003A
(305B) 0000  0000000000000000 (  81)                 .FILL x0000
(305C) 000A  0000000000001010 (  82) NEWLINE         .FILL x000A
(305D) 002D  0000000000101101 (  82)                 .FILL x002D
(305E) 002D  0000000000101101 (  82)                 .FILL x002D
(305F) 003E  0000000000111110 (  82)                 .FILL x003E
(3060) 0020  0000000000100000 (  82)                 .FILL x0020
(3061) 0000  0000000000000000 (  82)                 .FILL x0000
(3062) 0000  0000000000000000 (  85) USERINPUT1      .FILL x0000
(3063) 0000  0000000000000000 (  86) USERINPUT2      .FILL x0000
