(0000) 3000  0011000000000000 (  16)                 .ORIG x3000
(3000) 0054  0000000001010100 (  19) PROMPT1         .FILL x0054
(3001) 0068  0000000001101000 (  19)                 .FILL x0068
(3002) 0069  0000000001101001 (  19)                 .FILL x0069
(3003) 0073  0000000001110011 (  19)                 .FILL x0073
(3004) 0020  0000000000100000 (  19)                 .FILL x0020
(3005) 0070  0000000001110000 (  19)                 .FILL x0070
(3006) 0072  0000000001110010 (  19)                 .FILL x0072
(3007) 006F  0000000001101111 (  19)                 .FILL x006F
(3008) 0067  0000000001100111 (  19)                 .FILL x0067
(3009) 0072  0000000001110010 (  19)                 .FILL x0072
(300A) 0061  0000000001100001 (  19)                 .FILL x0061
(300B) 006D  0000000001101101 (  19)                 .FILL x006D
(300C) 0020  0000000000100000 (  19)                 .FILL x0020
(300D) 0061  0000000001100001 (  19)                 .FILL x0061
(300E) 0063  0000000001100011 (  19)                 .FILL x0063
(300F) 0063  0000000001100011 (  19)                 .FILL x0063
(3010) 0065  0000000001100101 (  19)                 .FILL x0065
(3011) 0070  0000000001110000 (  19)                 .FILL x0070
(3012) 0074  0000000001110100 (  19)                 .FILL x0074
(3013) 0073  0000000001110011 (  19)                 .FILL x0073
(3014) 0020  0000000000100000 (  19)                 .FILL x0020
(3015) 0061  0000000001100001 (  19)                 .FILL x0061
(3016) 0020  0000000000100000 (  19)                 .FILL x0020
(3017) 0053  0000000001010011 (  19)                 .FILL x0053
(3018) 0049  0000000001001001 (  19)                 .FILL x0049
(3019) 0047  0000000001000111 (  19)                 .FILL x0047
(301A) 004E  0000000001001110 (  19)                 .FILL x004E
(301B) 0020  0000000000100000 (  19)                 .FILL x0020
(301C) 0061  0000000001100001 (  19)                 .FILL x0061
(301D) 006E  0000000001101110 (  19)                 .FILL x006E
(301E) 0064  0000000001100100 (  19)                 .FILL x0064
(301F) 0020  0000000000100000 (  19)                 .FILL x0020
(3020) 0074  0000000001110100 (  19)                 .FILL x0074
(3021) 0077  0000000001110111 (  19)                 .FILL x0077
(3022) 006F  0000000001101111 (  19)                 .FILL x006F
(3023) 002D  0000000000101101 (  19)                 .FILL x002D
(3024) 0064  0000000001100100 (  19)                 .FILL x0064
(3025) 0069  0000000001101001 (  19)                 .FILL x0069
(3026) 0067  0000000001100111 (  19)                 .FILL x0067
(3027) 0069  0000000001101001 (  19)                 .FILL x0069
(3028) 0074  0000000001110100 (  19)                 .FILL x0074
(3029) 0020  0000000000100000 (  19)                 .FILL x0020
(302A) 0062  0000000001100010 (  19)                 .FILL x0062
(302B) 0061  0000000001100001 (  19)                 .FILL x0061
(302C) 0073  0000000001110011 (  19)                 .FILL x0073
(302D) 0065  0000000001100101 (  19)                 .FILL x0065
(302E) 002D  0000000000101101 (  19)                 .FILL x002D
(302F) 0031  0000000000110001 (  19)                 .FILL x0031
(3030) 0030  0000000000110000 (  19)                 .FILL x0030
(3031) 0020  0000000000100000 (  19)                 .FILL x0020
(3032) 0069  0000000001101001 (  19)                 .FILL x0069
(3033) 006E  0000000001101110 (  19)                 .FILL x006E
(3034) 0074  0000000001110100 (  19)                 .FILL x0074
(3035) 0065  0000000001100101 (  19)                 .FILL x0065
(3036) 0067  0000000001100111 (  19)                 .FILL x0067
(3037) 0065  0000000001100101 (  19)                 .FILL x0065
(3038) 0072  0000000001110010 (  19)                 .FILL x0072
(3039) 0073  0000000001110011 (  19)                 .FILL x0073
(303A) 002E  0000000000101110 (  19)                 .FILL x002E
(303B) 0000  0000000000000000 (  19)                 .FILL x0000
(303C) 000A  0000000000001010 (  20) PROMPTS         .FILL x000A
(303D) 0053  0000000001010011 (  20)                 .FILL x0053
(303E) 0069  0000000001101001 (  20)                 .FILL x0069
(303F) 0067  0000000001100111 (  20)                 .FILL x0067
(3040) 006E  0000000001101110 (  20)                 .FILL x006E
(3041) 003A  0000000000111010 (  20)                 .FILL x003A
(3042) 0020  0000000000100000 (  20)                 .FILL x0020
(3043) 0000  0000000000000000 (  20)                 .FILL x0000
(3044) 000A  0000000000001010 (  21) PROMPT2         .FILL x000A
(3045) 0046  0000000001000110 (  21)                 .FILL x0046
(3046) 0069  0000000001101001 (  21)                 .FILL x0069
(3047) 0072  0000000001110010 (  21)                 .FILL x0072
(3048) 0073  0000000001110011 (  21)                 .FILL x0073
(3049) 0074  0000000001110100 (  21)                 .FILL x0074
(304A) 0020  0000000000100000 (  21)                 .FILL x0020
(304B) 0064  0000000001100100 (  21)                 .FILL x0064
(304C) 0069  0000000001101001 (  21)                 .FILL x0069
(304D) 0067  0000000001100111 (  21)                 .FILL x0067
(304E) 0069  0000000001101001 (  21)                 .FILL x0069
(304F) 0074  0000000001110100 (  21)                 .FILL x0074
(3050) 003A  0000000000111010 (  21)                 .FILL x003A
(3051) 0020  0000000000100000 (  21)                 .FILL x0020
(3052) 0000  0000000000000000 (  21)                 .FILL x0000
(3053) 000A  0000000000001010 (  22) PROMPT3         .FILL x000A
(3054) 0053  0000000001010011 (  22)                 .FILL x0053
(3055) 0065  0000000001100101 (  22)                 .FILL x0065
(3056) 0063  0000000001100011 (  22)                 .FILL x0063
(3057) 006F  0000000001101111 (  22)                 .FILL x006F
(3058) 006E  0000000001101110 (  22)                 .FILL x006E
(3059) 0064  0000000001100100 (  22)                 .FILL x0064
(305A) 0020  0000000000100000 (  22)                 .FILL x0020
(305B) 0064  0000000001100100 (  22)                 .FILL x0064
(305C) 0069  0000000001101001 (  22)                 .FILL x0069
(305D) 0067  0000000001100111 (  22)                 .FILL x0067
(305E) 0069  0000000001101001 (  22)                 .FILL x0069
(305F) 0074  0000000001110100 (  22)                 .FILL x0074
(3060) 003A  0000000000111010 (  22)                 .FILL x003A
(3061) 0020  0000000000100000 (  22)                 .FILL x0020
(3062) 0000  0000000000000000 (  22)                 .FILL x0000
(3063) 000A  0000000000001010 (  23) PROMPT4         .FILL x000A
(3064) 0049  0000000001001001 (  23)                 .FILL x0049
(3065) 006E  0000000001101110 (  23)                 .FILL x006E
(3066) 0070  0000000001110000 (  23)                 .FILL x0070
(3067) 0075  0000000001110101 (  23)                 .FILL x0075
(3068) 0074  0000000001110100 (  23)                 .FILL x0074
(3069) 0020  0000000000100000 (  23)                 .FILL x0020
(306A) 0069  0000000001101001 (  23)                 .FILL x0069
(306B) 0073  0000000001110011 (  23)                 .FILL x0073
(306C) 003A  0000000000111010 (  23)                 .FILL x003A
(306D) 0020  0000000000100000 (  23)                 .FILL x0020
(306E) 0000  0000000000000000 (  23)                 .FILL x0000
(306F) 5020  0101000000100000 (  25)                 AND   R0 R0 #0
(3070) 5220  0101001000100000 (  26)                 AND   R1 R0 #0
(3071) 5420  0101010000100000 (  27)                 AND   R2 R0 #0
(3072) 5620  0101011000100000 (  28)                 AND   R3 R0 #0
(3073) 5820  0101100000100000 (  29)                 AND   R4 R0 #0
(3074) E18B  1110000110001011 (  32)                 LEA   R0 PROMPT1
(3075) F022  1111000000100010 (  33)                 TRAP  x22
(3076) E1C5  1110000111000101 (  36)                 LEA   R0 PROMPTS
(3077) F022  1111000000100010 (  37)                 TRAP  x22
(3078) F020  1111000000100000 (  41)                 TRAP  x20
(3079) F021  1111000000100001 (  42)                 TRAP  x21
(307A) 3064  0011000001100100 (  45)                 ST    R0 SIGNINPUT
(307B) E1C8  1110000111001000 (  49)                 LEA   R0 PROMPT2
(307C) F022  1111000000100010 (  50)                 TRAP  x22
(307D) F020  1111000000100000 (  54)                 TRAP  x20
(307E) F021  1111000000100001 (  55)                 TRAP  x21
(307F) 1034  0001000000110100 (  58)                 ADD   R0 R0 #-12
(3080) 1034  0001000000110100 (  59)                 ADD   R0 R0 #-12
(3081) 1034  0001000000110100 (  60)                 ADD   R0 R0 #-12
(3082) 1034  0001000000110100 (  61)                 ADD   R0 R0 #-12
(3083) 3059  0011000001011001 (  64)                 ST    R0 USERINPUT1
(3084) E1CE  1110000111001110 (  67)                 LEA   R0 PROMPT3
(3085) F022  1111000000100010 (  68)                 TRAP  x22
(3086) F020  1111000000100000 (  72)                 TRAP  x20
(3087) F021  1111000000100001 (  73)                 TRAP  x21
(3088) 1034  0001000000110100 (  76)                 ADD   R0 R0 #-12
(3089) 1034  0001000000110100 (  77)                 ADD   R0 R0 #-12
(308A) 1034  0001000000110100 (  78)                 ADD   R0 R0 #-12
(308B) 1034  0001000000110100 (  79)                 ADD   R0 R0 #-12
(308C) 3051  0011000001010001 (  82)                 ST    R0 USERINPUT2
(308D) 224F  0010001001001111 (  85)                 LD    R1 USERINPUT1
(308E) 244F  0010010001001111 (  86)                 LD    R2 USERINPUT2
(308F) 1242  0001001001000010 (  87)                 ADD   R1 R1 R2
(3090) B24F  1011001001001111 (  88)                 STI   R1 FIRSTZERO
(3091) 040B  0000010000001011 (  89)                 BRZ   SKIPFIRST
(3092) 5260  0101001001100000 (  90)                 AND   R1 R1 #0
(3093) 54A0  0101010010100000 (  91)                 AND   R2 R2 #0
(3094) 48AC  0100100010101100 (  93)                 JSR   TOINT
(3095) B8F3  1011100011110011 (  94)                 STI   R4 INT1
(3096) BCF6  1011110011110110 (  95)                 STI   R6 SIGN1
(3097) 5260  0101001001100000 (  96)                 AND   R1 R1 #0
(3098) A2F0  1010001011110000 (  97)                 LDI   R1 INT1
(3099) 48BB  0100100010111011 (  98)                 JSR   TOFLOAT
(309A) BAF6  1011101011110110 (  99)                 STI   R5 MANTISSA1
(309B) B4F3  1011010011110011 ( 100)                 STI   R2 EXPCOMP1
(309C) B2EE  1011001011101110 ( 101)                 STI   R1 FP1
(309D) E19E  1110000110011110 ( 107) SKIPFIRST       LEA   R0 PROMPTS
(309E) F022  1111000000100010 ( 108)                 TRAP  x22
(309F) F020  1111000000100000 ( 112)                 TRAP  x20
(30A0) F021  1111000000100001 ( 113)                 TRAP  x21
(30A1) 303D  0011000000111101 ( 116)                 ST    R0 SIGNINPUT
(30A2) E1A1  1110000110100001 ( 119)                 LEA   R0 PROMPT2
(30A3) F022  1111000000100010 ( 120)                 TRAP  x22
(30A4) F020  1111000000100000 ( 124)                 TRAP  x20
(30A5) F021  1111000000100001 ( 125)                 TRAP  x21
(30A6) 1034  0001000000110100 ( 128)                 ADD   R0 R0 #-12
(30A7) 1034  0001000000110100 ( 129)                 ADD   R0 R0 #-12
(30A8) 1034  0001000000110100 ( 130)                 ADD   R0 R0 #-12
(30A9) 1034  0001000000110100 ( 131)                 ADD   R0 R0 #-12
(30AA) 3032  0011000000110010 ( 134)                 ST    R0 USERINPUT1
(30AB) E1A7  1110000110100111 ( 137)                 LEA   R0 PROMPT3
(30AC) F022  1111000000100010 ( 138)                 TRAP  x22
(30AD) F020  1111000000100000 ( 142)                 TRAP  x20
(30AE) F021  1111000000100001 ( 143)                 TRAP  x21
(30AF) 1034  0001000000110100 ( 146)                 ADD   R0 R0 #-12
(30B0) 1034  0001000000110100 ( 147)                 ADD   R0 R0 #-12
(30B1) 1034  0001000000110100 ( 148)                 ADD   R0 R0 #-12
(30B2) 1034  0001000000110100 ( 149)                 ADD   R0 R0 #-12
(30B3) 302A  0011000000101010 ( 152)                 ST    R0 USERINPUT2
(30B4) 2228  0010001000101000 ( 155)                 LD    R1 USERINPUT1
(30B5) 2428  0010010000101000 ( 156)                 LD    R2 USERINPUT2
(30B6) 1242  0001001001000010 ( 157)                 ADD   R1 R1 R2
(30B7) 0424  0000010000100100 ( 158)                 BRZ   SKIPSECOND
(30B8) 5260  0101001001100000 ( 159)                 AND   R1 R1 #0
(30B9) 54A0  0101010010100000 ( 160)                 AND   R2 R2 #0
(30BA) 4886  0100100010000110 ( 162)                 JSR   TOINT
(30BB) B8CE  1011100011001110 ( 163)                 STI   R4 INT2
(30BC) BCD1  1011110011010001 ( 164)                 STI   R6 SIGN2
(30BD) 5260  0101001001100000 ( 165)                 AND   R1 R1 #0
(30BE) A2CB  1010001011001011 ( 166)                 LDI   R1 INT2
(30BF) 4895  0100100010010101 ( 167)                 JSR   TOFLOAT
(30C0) BAD1  1011101011010001 ( 168)                 STI   R5 MANTISSA2
(30C1) B4CE  1011010011001110 ( 169)                 STI   R2 EXPCOMP2
(30C2) B2C9  1011001011001001 ( 170)                 STI   R1 FP2
(30C3) 5260  0101001001100000 ( 173)                 AND   R1 R1 #0
(30C4) 54A0  0101010010100000 ( 174)                 AND   R2 R2 #0
(30C5) A41A  1010010000011010 ( 175)                 LDI   R2 FIRSTZERO
(30C6) 1242  0001001001000010 ( 176)                 ADD   R1 R1 R2
(30C7) 0414  0000010000010100 ( 177)                 BRZ   SKIPSECOND
(30C8) 5260  0101001001100000 ( 178)                 AND   R1 R1 #0
(30C9) 54A0  0101010010100000 ( 179)                 AND   R2 R2 #0
(30CA) 4868  0100100001101000 ( 181)                 JSR   ADDEXPONENTS
(30CB) A2C5  1010001011000101 ( 183)                 LDI   R1 MANTISSA1
(30CC) 5B60  0101101101100000 ( 184)                 AND   R5 R5 #0
(30CD) 1B64  0001101101100100 ( 185)                 ADD   R5 R5 #4
(30CE) 48AA  0100100010101010 ( 186)                 JSR   RIGHTSHIFT
(30CF) B8C1  1011100011000001 ( 187)                 STI   R4 MANTISSA1
(30D0) A2C1  1010001011000001 ( 189)                 LDI   R1 MANTISSA2
(30D1) 5B60  0101101101100000 ( 190)                 AND   R5 R5 #0
(30D2) 1B64  0001101101100100 ( 191)                 ADD   R5 R5 #4
(30D3) 48A5  0100100010100101 ( 192)                 JSR   RIGHTSHIFT
(30D4) B8BD  1011100010111101 ( 193)                 STI   R4 MANTISSA2
(30D5) A2BB  1010001010111011 ( 195)                 LDI   R1 MANTISSA1
(30D6) A4BB  1010010010111011 ( 196)                 LDI   R2 MANTISSA2
(30D7) 4864  0100100001100100 ( 197)                 JSR   MMLOOP
(30D8) 4839  0100100000111001 ( 200)                 JSR   CHECKPRODUCT
(30D9) 482A  0100100000101010 ( 201)                 JSR   SHIFTEXPONENT
(30DA) 4822  0100100000100010 ( 202)                 JSR   REMOVE
(30DB) 4805  0100100000000101 ( 203)                 JSR   PRODSIGN
(30DC) F025  1111000000100101 ( 206) SKIPSECOND      TRAP  x25
(30DD) 0000  0000000000000000 ( 207) USERINPUT1      .FILL x0000
(30DE) 0000  0000000000000000 ( 208) USERINPUT2      .FILL x0000
(30DF) 0000  0000000000000000 ( 210) SIGNINPUT       .FILL x0000
(30E0) 320F  0011001000001111 ( 211) FIRSTZERO       .FILL x320F
(30E1) 5260  0101001001100000 ( 214) PRODSIGN        AND   R1 R1 #0
(30E2) 54A0  0101010010100000 ( 215)                 AND   R2 R2 #0
(30E3) 56E0  0101011011100000 ( 216)                 AND   R3 R3 #0
(30E4) A2A8  1010001010101000 ( 217)                 LDI   R1 SIGN1
(30E5) A4A8  1010010010101000 ( 218)                 LDI   R2 SIGN2
(30E6) 1642  0001011001000010 ( 219)                 ADD   R3 R1 R2
(30E7) 16FF  0001011011111111 ( 220)                 ADD   R3 R3 #-1
(30E8) 0401  0000010000000001 ( 221)                 BRZ   PRODUCTSN
(30E9) 0A0A  0000101000001010 ( 222)                 BRNP  PRODUCTSP
(30EA) 5260  0101001001100000 ( 225) PRODUCTSN       AND   R1 R1 #0
(30EB) 54A0  0101010010100000 ( 226)                 AND   R2 R2 #0
(30EC) 56E0  0101011011100000 ( 227)                 AND   R3 R3 #0
(30ED) 22AB  0010001010101011 ( 228)                 LD    R1 SIGNBIT
(30EE) A4A7  1010010010100111 ( 229)                 LDI   R2 MANTISSASHIFT
(30EF) A6A4  1010011010100100 ( 230)                 LDI   R3 EXPCOMPP
(30F0) 1242  0001001001000010 ( 231)                 ADD   R1 R1 R2
(30F1) 1243  0001001001000011 ( 232)                 ADD   R1 R1 R3
(30F2) B295  1011001010010101 ( 233)                 STI   R1 PRODUCT
(30F3) C1C0  1100000111000000 ( 234)                 RET   
(30F4) 5260  0101001001100000 ( 237) PRODUCTSP       AND   R1 R1 #0
(30F5) 54A0  0101010010100000 ( 238)                 AND   R2 R2 #0
(30F6) 56E0  0101011011100000 ( 239)                 AND   R3 R3 #0
(30F7) A49E  1010010010011110 ( 240)                 LDI   R2 MANTISSASHIFT
(30F8) A69B  1010011010011011 ( 241)                 LDI   R3 EXPCOMPP
(30F9) 1242  0001001001000010 ( 242)                 ADD   R1 R1 R2
(30FA) 1243  0001001001000011 ( 243)                 ADD   R1 R1 R3
(30FB) B28C  1011001010001100 ( 244)                 STI   R1 PRODUCT
(30FC) C1C0  1100000111000000 ( 245)                 RET   
(30FD) 5260  0101001001100000 ( 249) REMOVE          AND   R1 R1 #0
(30FE) 229B  0010001010011011 ( 250)                 LD    R1 MMASK
(30FF) 5920  0101100100100000 ( 251)                 AND   R4 R4 #0
(3100) A895  1010100010010101 ( 252)                 LDI   R4 MANTISSASHIFT
(3101) 5901  0101100100000001 ( 253)                 AND   R4 R4 R1
(3102) B893  1011100010010011 ( 254)                 STI   R4 MANTISSASHIFT
(3103) C1C0  1100000111000000 ( 255)                 RET   
(3104) 5920  0101100100100000 ( 258) SHIFTEXPONENT   AND   R4 R4 #0
(3105) A88E  1010100010001110 ( 259)                 LDI   R4 EXPCOMPP
(3106) 1904  0001100100000100 ( 260)                 ADD   R4 R4 R4
(3107) 1904  0001100100000100 ( 261)                 ADD   R4 R4 R4
(3108) 1904  0001100100000100 ( 262)                 ADD   R4 R4 R4
(3109) 1904  0001100100000100 ( 263)                 ADD   R4 R4 R4
(310A) 1904  0001100100000100 ( 264)                 ADD   R4 R4 R4
(310B) 1904  0001100100000100 ( 265)                 ADD   R4 R4 R4
(310C) 1904  0001100100000100 ( 266)                 ADD   R4 R4 R4
(310D) 1904  0001100100000100 ( 267)                 ADD   R4 R4 R4
(310E) 1904  0001100100000100 ( 268)                 ADD   R4 R4 R4
(310F) 1904  0001100100000100 ( 269)                 ADD   R4 R4 R4
(3110) B883  1011100010000011 ( 270)                 STI   R4 EXPCOMPP
(3111) C1C0  1100000111000000 ( 271)                 RET   
(3112) 5920  0101100100100000 ( 275) CHECKPRODUCT    AND   R4 R4 #0
(3113) 2884  0010100010000100 ( 276)                 LD    R4 MASK2
(3114) 5DA0  0101110110100000 ( 277)                 AND   R6 R6 #0
(3115) 5CC4  0101110011000100 ( 278)                 AND   R6 R3 R4
(3116) 0402  0000010000000010 ( 279)                 BRZ   SHIFT2
(3117) 0A0C  0000101000001100 ( 280)                 BRNP  SHIFT3
(3118) C1C0  1100000111000000 ( 281)                 RET   
(3119) 5260  0101001001100000 ( 284) SHIFT2          AND   R1 R1 #0
(311A) 12E0  0001001011100000 ( 285)                 ADD   R1 R3 #0
(311B) 5B60  0101101101100000 ( 286)                 AND   R5 R5 #0
(311C) 1B62  0001101101100010 ( 287)                 ADD   R5 R5 #2
(311D) 5020  0101000000100000 ( 288)                 AND   R0 R0 #0
(311E) 11E0  0001000111100000 ( 289)                 ADD   R0 R7 #0
(311F) 4859  0100100001011001 ( 290)                 JSR   RIGHTSHIFT
(3120) 5FE0  0101111111100000 ( 291)                 AND   R7 R7 #0
(3121) 1E20  0001111000100000 ( 292)                 ADD   R7 R0 #0
(3122) B873  1011100001110011 ( 293)                 STI   R4 MANTISSASHIFT
(3123) C1C0  1100000111000000 ( 294)                 RET   
(3124) 5260  0101001001100000 ( 297) SHIFT3          AND   R1 R1 #0
(3125) 12E0  0001001011100000 ( 298)                 ADD   R1 R3 #0
(3126) 5B60  0101101101100000 ( 299)                 AND   R5 R5 #0
(3127) 1B63  0001101101100011 ( 300)                 ADD   R5 R5 #3
(3128) 5020  0101000000100000 ( 301)                 AND   R0 R0 #0
(3129) 11E0  0001000111100000 ( 302)                 ADD   R0 R7 #0
(312A) 484E  0100100001001110 ( 303)                 JSR   RIGHTSHIFT
(312B) 5FE0  0101111111100000 ( 304)                 AND   R7 R7 #0
(312C) 1E20  0001111000100000 ( 305)                 ADD   R7 R0 #0
(312D) B868  1011100001101000 ( 306)                 STI   R4 MANTISSASHIFT
(312E) 5B60  0101101101100000 ( 308)                 AND   R5 R5 #0
(312F) AA64  1010101001100100 ( 309)                 LDI   R5 EXPCOMPP
(3130) 1B61  0001101101100001 ( 310)                 ADD   R5 R5 #1
(3131) BA62  1011101001100010 ( 311)                 STI   R5 EXPCOMPP
(3132) C1C0  1100000111000000 ( 312)                 RET   
(3133) 5260  0101001001100000 ( 315) ADDEXPONENTS    AND   R1 R1 #0
(3134) 54A0  0101010010100000 ( 316)                 AND   R2 R2 #0
(3135) 56E0  0101011011100000 ( 317)                 AND   R3 R3 #0
(3136) A258  1010001001011000 ( 318)                 LDI   R1 EXPCOMP1
(3137) A458  1010010001011000 ( 319)                 LDI   R2 EXPCOMP2
(3138) 1642  0001011001000010 ( 320)                 ADD   R3 R1 R2
(3139) 16F1  0001011011110001 ( 321)                 ADD   R3 R3 #-15
(313A) B659  1011011001011001 ( 322)                 STI   R3 EXPCOMPP
(313B) C1C0  1100000111000000 ( 323)                 RET   
(313C) 16C1  0001011011000001 ( 326) MMLOOP          ADD   R3 R3 R1
(313D) 14BF  0001010010111111 ( 327)                 ADD   R2 R2 #-1
(313E) 03FD  0000001111111101 ( 328)                 BRP   MMLOOP
(313F) B655  1011011001010101 ( 329)                 STI   R3 MANTISSAP
(3140) C1C0  1100000111000000 ( 330)                 RET   
(3141) 239D  0010001110011101 ( 333) TOINT           LD    R1 SIGNINPUT
(3142) 259A  0010010110011010 ( 334)                 LD    R2 USERINPUT1
(3143) 279A  0010011110011010 ( 335)                 LD    R3 USERINPUT2
(3144) 5920  0101100100100000 ( 336)                 AND   R4 R4 #0
(3145) 5B60  0101101101100000 ( 337)                 AND   R5 R5 #0
(3146) 5DA0  0101110110100000 ( 338)                 AND   R6 R6 #0
(3147) 1B6A  0001101101101010 ( 339)                 ADD   R5 R5 #10
(3148) 1902  0001100100000010 ( 342) MLOOP           ADD   R4 R4 R2
(3149) 1B7F  0001101101111111 ( 343)                 ADD   R5 R5 #-1
(314A) 03FD  0000001111111101 ( 344)                 BRP   MLOOP
(314B) 1903  0001100100000011 ( 345)                 ADD   R4 R4 R3
(314C) 1274  0001001001110100 ( 348) SIGNCHECK       ADD   R1 R1 #-12
(314D) 1274  0001001001110100 ( 349)                 ADD   R1 R1 #-12
(314E) 1274  0001001001110100 ( 350)                 ADD   R1 R1 #-12
(314F) 1277  0001001001110111 ( 351)                 ADD   R1 R1 #-9
(3150) 0401  0000010000000001 ( 352)                 BRZ   NEGSIGN
(3151) 0801  0000100000000001 ( 353)                 BRN   POSSIGN
(3152) 1DA1  0001110110100001 ( 356) NEGSIGN         ADD   R6 R6 #1
(3153) 1DA0  0001110110100000 ( 359) POSSIGN         ADD   R6 R6 #0
(3154) C1C0  1100000111000000 ( 361)                 RET   
(3155) 2441  0010010001000001 ( 364) TOFLOAT         LD    R2 MASK
(3156) 56E0  0101011011100000 ( 365)                 AND   R3 R3 #0
(3157) 5920  0101100100100000 ( 366)                 AND   R4 R4 #0
(3158) 5B60  0101101101100000 ( 367)                 AND   R5 R5 #0
(3159) 16E1  0001011011100001 ( 369) INCREMENT       ADD   R3 R3 #1
(315A) 1241  0001001001000001 ( 370)                 ADD   R1 R1 R1
(315B) 5A42  0101101001000010 ( 372)                 AND   R5 R1 R2
(315C) 05FC  0000010111111100 ( 373)                 BRZ   INCREMENT
(315D) 0200  0000001000000000 ( 374)                 BRP   EXPONENT
(315E) 5B60  0101101101100000 ( 376) EXPONENT        AND   R5 R5 #0
(315F) 1B41  0001101101000001 ( 377)                 ADD   R5 R5 R1
(3160) 192C  0001100100101100 ( 378)                 ADD   R4 R4 #12
(3161) 192C  0001100100101100 ( 379)                 ADD   R4 R4 #12
(3162) 96FF  1001011011111111 ( 381)                 NOT   R3 R3
(3163) 16E1  0001011011100001 ( 382)                 ADD   R3 R3 #1
(3164) 1903  0001100100000011 ( 383)                 ADD   R4 R4 R3
(3165) 54A0  0101010010100000 ( 384)                 AND   R2 R2 #0
(3166) 1484  0001010010000100 ( 385)                 ADD   R2 R2 R4
(3167) 14A1  0001010010100001 ( 386)                 ADD   R2 R2 #1
(3168) 1904  0001100100000100 ( 388)                 ADD   R4 R4 R4
(3169) 1904  0001100100000100 ( 389)                 ADD   R4 R4 R4
(316A) 1904  0001100100000100 ( 390)                 ADD   R4 R4 R4
(316B) 1904  0001100100000100 ( 391)                 ADD   R4 R4 R4
(316C) 1904  0001100100000100 ( 392)                 ADD   R4 R4 R4
(316D) 1904  0001100100000100 ( 393)                 ADD   R4 R4 R4
(316E) 1904  0001100100000100 ( 394)                 ADD   R4 R4 R4
(316F) 1904  0001100100000100 ( 395)                 ADD   R4 R4 R4
(3170) 1904  0001100100000100 ( 396)                 ADD   R4 R4 R4
(3171) 1904  0001100100000100 ( 397)                 ADD   R4 R4 R4
(3172) 1244  0001001001000100 ( 399)                 ADD   R1 R1 R4
(3173) 5D86  0101110110000110 ( 401)                 AND   R6 R6 R6
(3174) 0201  0000001000000001 ( 402)                 BRP   SNEG
(3175) C1C0  1100000111000000 ( 403)                 RET   
(3176) 2022  0010000000100010 ( 405) SNEG            LD    R0 SIGNBIT
(3177) 1240  0001001001000000 ( 406)                 ADD   R1 R1 R0
(3178) C1C0  1100000111000000 ( 407)                 RET   
(3179) 54A0  0101010010100000 ( 414) RIGHTSHIFT      AND   R2 R2 #0
(317A) 14A2  0001010010100010 ( 415)                 ADD   R2 R2 #2
(317B) 56E0  0101011011100000 ( 416)                 AND   R3 R3 #0
(317C) 1860  0001100001100000 ( 417)                 ADD   R4 R1 #0
(317D) 94BF  1001010010111111 ( 419)                 NOT   R2 R2
(317E) 14A1  0001010010100001 ( 420)                 ADD   R2 R2 #1
(317F) 1B7F  0001101101111111 ( 423) DLOOP           ADD   R5 R5 #-1
(3180) 0601  0000011000000001 ( 424)                 BRZP  DIVIDE2
(3181) C1C0  1100000111000000 ( 425)                 RET   
(3182) 16E1  0001011011100001 ( 427) DIVIDE2         ADD   R3 R3 #1
(3183) 1884  0001100010000100 ( 428)                 ADD   R4 R2 R4
(3184) 03FD  0000001111111101 ( 429)                 BRP   DIVIDE2
(3185) 18E0  0001100011100000 ( 430)                 ADD   R4 R3 #0
(3186) 56E0  0101011011100000 ( 431)                 AND   R3 R3 #0
(3187) 0FF7  0000111111110111 ( 432)                 BRNZP DLOOP
(3188) 3200  0011001000000000 ( 435) PRODUCT         .FILL x3200
(3189) 3201  0011001000000001 ( 436) INT1            .FILL x3201
(318A) 3202  0011001000000010 ( 437) INT2            .FILL x3202
(318B) 3203  0011001000000011 ( 438) FP1             .FILL x3203
(318C) 3204  0011001000000100 ( 439) FP2             .FILL x3204
(318D) 3205  0011001000000101 ( 440) SIGN1           .FILL x3205
(318E) 3206  0011001000000110 ( 441) SIGN2           .FILL x3206
(318F) 3207  0011001000000111 ( 442) EXPCOMP1        .FILL x3207
(3190) 3208  0011001000001000 ( 443) EXPCOMP2        .FILL x3208
(3191) 3209  0011001000001001 ( 444) MANTISSA1       .FILL x3209
(3192) 320A  0011001000001010 ( 445) MANTISSA2       .FILL x320A
(3193) 320B  0011001000001011 ( 446) SIGNP           .FILL x320B
(3194) 320C  0011001000001100 ( 447) EXPCOMPP        .FILL x320C
(3195) 320D  0011001000001101 ( 448) MANTISSAP       .FILL x320D
(3196) 320E  0011001000001110 ( 449) MANTISSASHIFT   .FILL x320E
(3197) 0400  0000010000000000 ( 451) MASK            .FILL x0400
(3198) 2000  0010000000000000 ( 452) MASK2           .FILL x2000
(3199) 8000  1000000000000000 ( 453) SIGNBIT         .FILL x8000
(319A) 03FF  0000001111111111 ( 454) MMASK           .FILL x03FF
