(0000) 3000  0011000000000000 (   5)                 .ORIG x3000
(3000) 5020  0101000000100000 (  10) START           AND   R0 R0 #0
(3001) 5220  0101001000100000 (  11)                 AND   R1 R0 #0
(3002) 5420  0101010000100000 (  12)                 AND   R2 R0 #0
(3003) 5620  0101011000100000 (  13)                 AND   R3 R0 #0
(3004) 5820  0101100000100000 (  14)                 AND   R4 R0 #0
(3005) 5A20  0101101000100000 (  15)                 AND   R5 R0 #0
(3006) 5C20  0101110000100000 (  16)                 AND   R6 R0 #0
(3007) 5E20  0101111000100000 (  17)                 AND   R7 R0 #0
(3008) E023  1110000000100011 (  21)                 LEA   R0 GREETING
(3009) F022  1111000000100010 (  22)                 TRAP  x22
(300A) F020  1111000000100000 (  26)                 TRAP  x20
(300B) F021  1111000000100001 (  27)                 TRAP  x21
(300C) 1030  0001000000110000 (  32)                 ADD   R0 R0 #-16
(300D) 1030  0001000000110000 (  33)                 ADD   R0 R0 #-16
(300E) 1030  0001000000110000 (  34)                 ADD   R0 R0 #-16
(300F) 3057  0011000001010111 (  36)                 ST    R0 USERINPUT1
(3010) E054  1110000001010100 (  39)                 LEA   R0 NEWLINE
(3011) F022  1111000000100010 (  40)                 TRAP  x22
(3012) 2054  0010000001010100 (  43)                 LD    R0 USERINPUT1
(3013) 102C  0001000000101100 (  46)                 ADD   R0 R0 #12
(3014) 102C  0001000000101100 (  47)                 ADD   R0 R0 #12
(3015) 102C  0001000000101100 (  48)                 ADD   R0 R0 #12
(3016) 102C  0001000000101100 (  49)                 ADD   R0 R0 #12
(3017) F021  1111000000100001 (  50)                 TRAP  x21
(3018) E035  1110000000110101 (  55)                 LEA   R0 GREETING2
(3019) F022  1111000000100010 (  56)                 TRAP  x22
(301A) F020  1111000000100000 (  60)                 TRAP  x20
(301B) F021  1111000000100001 (  61)                 TRAP  x21
(301C) 1030  0001000000110000 (  65)                 ADD   R0 R0 #-16
(301D) 1030  0001000000110000 (  66)                 ADD   R0 R0 #-16
(301E) 1030  0001000000110000 (  67)                 ADD   R0 R0 #-16
(301F) 3048  0011000001001000 (  69)                 ST    R0 USERINPUT2
(3020) E044  1110000001000100 (  72)                 LEA   R0 NEWLINE
(3021) F022  1111000000100010 (  73)                 TRAP  x22
(3022) 2045  0010000001000101 (  77)                 LD    R0 USERINPUT2
(3023) 102C  0001000000101100 (  78)                 ADD   R0 R0 #12
(3024) 102C  0001000000101100 (  79)                 ADD   R0 R0 #12
(3025) 102C  0001000000101100 (  80)                 ADD   R0 R0 #12
(3026) 102C  0001000000101100 (  81)                 ADD   R0 R0 #12
(3027) F021  1111000000100001 (  82)                 TRAP  x21
(3028) 4844  0100100001000100 (  86)                 JSR   SUBTRACT
(3029) 484A  0100100001001010 (  89)                 JSR   MULTIPLY
(302A) 4850  0100100001010000 (  92)                 JSR   DIVIDE
(302B) F025  1111000000100101 (  95)                 TRAP  x25
(302C) 0057  0000000001010111 (  99) GREETING        .FILL x0057
(302D) 0045  0000000001000101 (  99)                 .FILL x0045
(302E) 004C  0000000001001100 (  99)                 .FILL x004C
(302F) 0043  0000000001000011 (  99)                 .FILL x0043
(3030) 004F  0000000001001111 (  99)                 .FILL x004F
(3031) 004D  0000000001001101 (  99)                 .FILL x004D
(3032) 0045  0000000001000101 (  99)                 .FILL x0045
(3033) 0021  0000000000100001 (  99)                 .FILL x0021
(3034) 0020  0000000000100000 (  99)                 .FILL x0020
(3035) 000A  0000000000001010 (  99)                 .FILL x000A
(3036) 0050  0000000001010000 (  99)                 .FILL x0050
(3037) 006C  0000000001101100 (  99)                 .FILL x006C
(3038) 0065  0000000001100101 (  99)                 .FILL x0065
(3039) 0061  0000000001100001 (  99)                 .FILL x0061
(303A) 0073  0000000001110011 (  99)                 .FILL x0073
(303B) 0065  0000000001100101 (  99)                 .FILL x0065
(303C) 0020  0000000000100000 (  99)                 .FILL x0020
(303D) 0065  0000000001100101 (  99)                 .FILL x0065
(303E) 006E  0000000001101110 (  99)                 .FILL x006E
(303F) 0074  0000000001110100 (  99)                 .FILL x0074
(3040) 0065  0000000001100101 (  99)                 .FILL x0065
(3041) 0072  0000000001110010 (  99)                 .FILL x0072
(3042) 0020  0000000000100000 (  99)                 .FILL x0020
(3043) 0061  0000000001100001 (  99)                 .FILL x0061
(3044) 0020  0000000000100000 (  99)                 .FILL x0020
(3045) 006E  0000000001101110 (  99)                 .FILL x006E
(3046) 0075  0000000001110101 (  99)                 .FILL x0075
(3047) 006D  0000000001101101 (  99)                 .FILL x006D
(3048) 0062  0000000001100010 (  99)                 .FILL x0062
(3049) 0065  0000000001100101 (  99)                 .FILL x0065
(304A) 0072  0000000001110010 (  99)                 .FILL x0072
(304B) 003A  0000000000111010 (  99)                 .FILL x003A
(304C) 0020  0000000000100000 (  99)                 .FILL x0020
(304D) 0000  0000000000000000 (  99)                 .FILL x0000
(304E) 000A  0000000000001010 ( 100) GREETING2       .FILL x000A
(304F) 0045  0000000001000101 ( 100)                 .FILL x0045
(3050) 004E  0000000001001110 ( 100)                 .FILL x004E
(3051) 0054  0000000001010100 ( 100)                 .FILL x0054
(3052) 0045  0000000001000101 ( 100)                 .FILL x0045
(3053) 0052  0000000001010010 ( 100)                 .FILL x0052
(3054) 0020  0000000000100000 ( 100)                 .FILL x0020
(3055) 0041  0000000001000001 ( 100)                 .FILL x0041
(3056) 004E  0000000001001110 ( 100)                 .FILL x004E
(3057) 004F  0000000001001111 ( 100)                 .FILL x004F
(3058) 0054  0000000001010100 ( 100)                 .FILL x0054
(3059) 0048  0000000001001000 ( 100)                 .FILL x0048
(305A) 0045  0000000001000101 ( 100)                 .FILL x0045
(305B) 0052  0000000001010010 ( 100)                 .FILL x0052
(305C) 0020  0000000000100000 ( 100)                 .FILL x0020
(305D) 004E  0000000001001110 ( 100)                 .FILL x004E
(305E) 0055  0000000001010101 ( 100)                 .FILL x0055
(305F) 004D  0000000001001101 ( 100)                 .FILL x004D
(3060) 0042  0000000001000010 ( 100)                 .FILL x0042
(3061) 0045  0000000001000101 ( 100)                 .FILL x0045
(3062) 0052  0000000001010010 ( 100)                 .FILL x0052
(3063) 003A  0000000000111010 ( 100)                 .FILL x003A
(3064) 0000  0000000000000000 ( 100)                 .FILL x0000
(3065) 000A  0000000000001010 ( 101) NEWLINE         .FILL x000A
(3066) 0000  0000000000000000 ( 101)                 .FILL x0000
(3067) 0000  0000000000000000 ( 104) USERINPUT1      .FILL x0000
(3068) 0000  0000000000000000 ( 105) USERINPUT2      .FILL x0000
(3069) 3100  0011000100000000 ( 106) SUBOUTPUT       .FILL x3100
(306A) 3101  0011000100000001 ( 107) PRODUCT         .FILL x3101
(306B) 3102  0011000100000010 ( 108) QUOTIENT        .FILL x3102
(306C) 3103  0011000100000011 ( 109) REMAINDER       .FILL x3103
(306D) 2BFA  0010101111111010 ( 115) SUBTRACT        LD    R5 USERINPUT2
(306E) 9B7F  1001101101111111 ( 117)                 NOT   R5 R5
(306F) 1B61  0001101101100001 ( 119)                 ADD   R5 R5 #1
(3070) 2DF6  0010110111110110 ( 121)                 LD    R6 USERINPUT1
(3071) 1D46  0001110101000110 ( 122)                 ADD   R6 R5 R6
(3072) BDF6  1011110111110110 ( 124)                 STI   R6 SUBOUTPUT
(3073) C1C0  1100000111000000 ( 125)                 RET   
(3074) 2BF3  0010101111110011 ( 130) MULTIPLY        LD    R5 USERINPUT2
(3075) 2DF1  0010110111110001 ( 132)                 LD    R6 USERINPUT1
(3076) 1486  0001010010000110 ( 136) REPEAT          ADD   R2 R2 R6
(3077) 1B7F  0001101101111111 ( 137)                 ADD   R5 R5 #-1
(3078) 03FD  0000001111111101 ( 138)                 BRP   REPEAT
(3079) B5F0  1011010111110000 ( 140)                 STI   R2 PRODUCT
(307A) C1C0  1100000111000000 ( 141)                 RET   
(307B) 2BEB  0010101111101011 ( 149) DIVIDE          LD    R5 USERINPUT1
(307C) 2DEB  0010110111101011 ( 150)                 LD    R6 USERINPUT2
(307D) 21EA  0010000111101010 ( 151)                 LD    R0 USERINPUT2
(307E) 9DBF  1001110110111111 ( 153)                 NOT   R6 R6
(307F) 1DA1  0001110110100001 ( 154)                 ADD   R6 R6 #1
(3080) 16E1  0001011011100001 ( 158) REPEATDIV       ADD   R3 R3 #1
(3081) 1B85  0001101110000101 ( 160)                 ADD   R5 R6 R5
(3082) 0801  0000100000000001 ( 161)                 BRN   NEGATIVE
(3083) 07FC  0000011111111100 ( 162)                 BRZP  REPEATDIV
(3084) 16FF  0001011011111111 ( 168) NEGATIVE        ADD   R3 R3 #-1
(3085) 1B40  0001101101000000 ( 170)                 ADD   R5 R5 R0
(3086) B7E4  1011011111100100 ( 172)                 STI   R3 QUOTIENT
(3087) BBE4  1011101111100100 ( 173)                 STI   R5 REMAINDER
(3088) C1C0  1100000111000000 ( 174)                 RET   
(3089) B7E1  1011011111100001 ( 176)                 STI   R3 QUOTIENT
(308A) BBE1  1011101111100001 ( 177)                 STI   R5 REMAINDER
(308B) C1C0  1100000111000000 ( 178)                 RET   
